2	1544738437815	138	1039.9092
	ID,N,10,0	Est1	Est2	Est3	Est4	Est5	Est6	Est7	Est8	Est9	Est10	Est11	Est12	Est13	Est14	Est15	Est16
	1	108	109	110	111	112	113	114	115	400	401	402	403	404	405	406	407
	2	204	205	206	207	208	209	210	211	212	213	214	215	700	701	702	703
	3	902	700	701	702	703	704	705	706	400	401	402	403	404	405	406	407
	4	208	209	210	211	212	213	214	215	800	801	200	201	202	203	204	205
	5	902	200	201	202	203	204	205	206	207	208	209	210	211	212	213	214
	6	112	113	114	115	500	501	502	503	504	505	506	507	508	509	510	511


20	1544738438853	1040	1031.5903
	ID,N,10,0	Est1	Est2	Est3	Est4	Est5	Est6	Est7	Est8	Est9	Est10	Est11	Est12	Est13	Est14	Est15	Est16
	1	108	109	110	111	112	113	114	115	400	401	402	403	404	405	406	407
	2	204	205	206	207	208	209	210	211	212	213	214	215	700	701	702	703
	3	902	200	201	202	203	204	205	206	207	208	209	210	211	212	213	214
	4	208	209	210	211	212	213	214	215	600	601	602	603	604	605	606	607
	5	902	500	501	502	503	504	505	506	507	508	509	510	511	1000	1001	1002
	6	112	113	114	115	600	601	602	603	604	605	606	607	608	609	610	611


22	1544738438855	2	1028.4805
	ID,N,10,0	Est1	Est2	Est3	Est4	Est5	Est6	Est7	Est8	Est9	Est10	Est11	Est12	Est13	Est14	Est15	Est16
	1	108	109	110	111	112	113	114	115	1100	1101	1102	1200	1201	700	701	702
	2	204	205	206	207	208	209	210	211	212	213	214	215	300	301	302	303
	3	902	700	701	702	703	704	705	706	200	201	202	203	204	205	206	207
	4	208	209	210	211	212	213	214	215	700	701	702	703	704	705	706	800
	5	902	200	201	202	203	204	205	206	207	208	209	210	211	212	213	214
	6	112	113	114	115	300	301	302	303	304	305	306	307	800	801	500	501


51	1544738440828	1974	1025.8209
	ID,N,10,0	Est1	Est2	Est3	Est4	Est5	Est6	Est7	Est8	Est9	Est10	Est11	Est12	Est13	Est14	Est15	Est16
	1	108	109	110	111	112	113	114	115	800	801	400	401	402	403	404	405
	2	204	205	206	207	208	209	210	211	212	213	214	215	600	601	602	603
	3	902	700	701	702	703	704	705	706	900	901	902	900	901	902	1200	1201
	4	208	209	210	211	212	213	214	215	400	401	402	403	404	405	406	407
	5	902	200	201	202	203	204	205	206	207	208	209	210	211	212	213	214
	6	112	113	114	115	300	301	302	303	304	305	306	307	700	701	702	703


0	1544739643271	7	1005.2944
	ID,N,10,0	Est1	Est2	Est3	Est4	Est5	Est6	Est7	Est8	Est9	Est10	Est11	Est12	Est13	Est14	Est15	Est16
	1	108	109	110	111	112	113	114	115	800	801	1400	600	601	602	603	604
	2	204	205	206	207	208	209	210	211	212	213	214	215	500	501	502	503
	3	902	200	201	202	203	204	205	206	207	208	209	210	211	212	213	214
	4	208	209	210	211	212	213	214	215	700	701	702	703	704	705	706	800
	5	902	900	901	902	800	801	1400	300	301	302	303	304	305	306	307	400
	6	112	113	114	115	400	401	402	403	404	405	406	407	1400	200	201	202


2	1544739693534	1294	1065.591
	ID,N,10,0	Est1	Est2	Est3	Est4	Est5	Est6	Est7	Est8	Est9	Est10	Est11	Est12	Est13	Est14	Est15	Est16
	1	108	109	110	111	112	113	114	115	800	801	600	601	602	603	604	605
	2	204	205	206	207	208	209	210	211	212	213	214	215	800	801	700	701
	3	902	900	901	902	1400	800	801	1100	1101	1102	1200	1201	600	601	602	603
	4	208	209	210	211	212	213	214	215	400	401	402	403	404	405	406	407
	5	902	900	901	902	1200	1201	300	301	302	303	304	305	306	307	700	701
	6	112	113	114	115	1100	1101	1102	1200	1201	1400	1000	1001	1002	900	901	902


3	1544739694316	783	1048.058
	ID,N,10,0	Est1	Est2	Est3	Est4	Est5	Est6	Est7	Est8	Est9	Est10	Est11	Est12	Est13	Est14	Est15	Est16
	1	108	109	110	111	112	113	114	115	900	901	902	1200	1201	500	501	502
	2	204	205	206	207	208	209	210	211	212	213	214	215	500	501	502	503
	3	902	1200	1201	1400	1400	800	801	1000	1001	1002	1200	1201	200	201	202	203
	4	208	209	210	211	212	213	214	215	1400	1400	500	501	502	503	504	505
	5	902	1400	800	801	1000	1001	1002	1200	1201	1400	1400	300	301	302	303	304
	6	112	113	114	115	1400	800	801	1000	1001	1002	900	901	902	1400	500	501


18	1544739695463	1147	1036.2299
	ID,N,10,0	Est1	Est2	Est3	Est4	Est5	Est6	Est7	Est8	Est9	Est10	Est11	Est12	Est13	Est14	Est15	Est16
	1	108	109	110	111	112	113	114	115	1400	200	201	202	203	204	205	206
	2	204	205	206	207	208	209	210	211	212	213	214	215	500	501	502	503
	3	902	1400	800	801	1400	700	701	702	703	704	705	706	900	901	902	900
	4	208	209	210	211	212	213	214	215	800	801	200	201	202	203	204	205
	5	902	200	201	202	203	204	205	206	207	208	209	210	211	212	213	214
	6	112	113	114	115	600	601	602	603	604	605	606	607	608	609	610	611


35	1544739695607	145	1032.6456
	ID,N,10,0	Est1	Est2	Est3	Est4	Est5	Est6	Est7	Est8	Est9	Est10	Est11	Est12	Est13	Est14	Est15	Est16
	1	108	109	110	111	112	113	114	115	500	501	502	503	504	505	506	507
	2	204	205	206	207	208	209	210	211	212	213	214	215	800	801	400	401
	3	902	1200	1201	200	201	202	203	204	205	206	207	208	209	210	211	212
	4	208	209	210	211	212	213	214	215	600	601	602	603	604	605	606	607
	5	902	1200	1201	600	601	602	603	604	605	606	607	608	609	610	611	800
	6	112	113	114	115	500	501	502	503	504	505	506	507	508	509	510	511


52	1544739695967	358	1025.4756
	ID,N,10,0	Est1	Est2	Est3	Est4	Est5	Est6	Est7	Est8	Est9	Est10	Est11	Est12	Est13	Est14	Est15	Est16
	1	108	109	110	111	112	113	114	115	700	701	702	703	704	705	706	400
	2	204	205	206	207	208	209	210	211	212	213	214	215	300	301	302	303
	3	902	700	701	702	703	704	705	706	1100	1101	1102	900	901	902	1400	700
	4	208	209	210	211	212	213	214	215	1100	1101	1102	900	901	902	800	801
	5	902	1400	600	601	602	603	604	605	606	607	608	609	610	611	300	301
	6	112	113	114	115	1400	200	201	202	203	204	205	206	207	208	209	210


63	1544739697109	1144	1020.7294
	ID,N,10,0	Est1	Est2	Est3	Est4	Est5	Est6	Est7	Est8	Est9	Est10	Est11	Est12	Est13	Est14	Est15	Est16
	1	108	109	110	111	112	113	114	115	600	601	602	603	604	605	606	607
	2	204	205	206	207	208	209	210	211	212	213	214	215	800	801	500	501
	3	902	1200	1201	600	601	602	603	604	605	606	607	608	609	610	611	700
	4	208	209	210	211	212	213	214	215	600	601	602	603	604	605	606	607
	5	902	900	901	902	800	801	1000	1001	1002	200	201	202	203	204	205	206
	6	112	113	114	115	400	401	402	403	404	405	406	407	900	901	902	1400


242	1544739702535	5426	1000.44025
	ID,N,10,0	Est1	Est2	Est3	Est4	Est5	Est6	Est7	Est8	Est9	Est10	Est11	Est12	Est13	Est14	Est15	Est16
	1	108	109	110	111	112	113	114	115	300	301	302	303	304	305	306	307
	2	204	205	206	207	208	209	210	211	212	213	214	215	300	301	302	303
	3	902	800	801	700	701	702	703	704	705	706	600	601	602	603	604	605
	4	208	209	210	211	212	213	214	215	800	801	200	201	202	203	204	205
	5	902	200	201	202	203	204	205	206	207	208	209	210	211	212	213	214
	6	112	113	114	115	800	801	1000	1001	1002	200	201	202	203	204	205	206


297	1544739705322	2787	1000.33295
	ID,N,10,0	Est1	Est2	Est3	Est4	Est5	Est6	Est7	Est8	Est9	Est10	Est11	Est12	Est13	Est14	Est15	Est16
	1	108	109	110	111	112	113	114	115	700	701	702	703	704	705	706	300
	2	204	205	206	207	208	209	210	211	212	213	214	215	700	701	702	703
	3	902	800	801	600	601	602	603	604	605	606	607	608	609	610	611	900
	4	208	209	210	211	212	213	214	215	600	601	602	603	604	605	606	607
	5	902	200	201	202	203	204	205	206	207	208	209	210	211	212	213	214
	6	112	113	114	115	600	601	602	603	604	605	606	607	608	609	610	611


2	1544739908900	234	1045.1024
	ID,N,10,0	Est1	Est2	Est3	Est4	Est5	Est6	Est7	Est8	Est9	Est10	Est11	Est12	Est13	Est14	Est15	Est16
	1	108	109	110	111	112	113	114	115	400	401	402	403	404	405	406	407
	2	204	205	206	207	208	209	210	211	212	213	214	215	400	401	402	403
	3	902	700	701	702	703	704	705	706	600	601	602	603	604	605	606	607
	4	208	209	210	211	212	213	214	215	1400	300	301	302	303	304	305	306
	5	902	1200	1201	200	201	202	203	204	205	206	207	208	209	210	211	212
	6	112	113	114	115	800	801	200	201	202	203	204	205	206	207	208	209


44	1544739910104	1204	1042.6665
	ID,N,10,0	Est1	Est2	Est3	Est4	Est5	Est6	Est7	Est8	Est9	Est10	Est11	Est12	Est13	Est14	Est15	Est16
	1	108	109	110	111	112	113	114	115	700	701	702	703	704	705	706	1100
	2	204	205	206	207	208	209	210	211	212	213	214	215	300	301	302	303
	3	902	900	901	902	1400	200	201	202	203	204	205	206	207	208	209	210
	4	208	209	210	211	212	213	214	215	300	301	302	303	304	305	306	307
	5	902	500	501	502	503	504	505	506	507	508	509	510	511	700	701	702
	6	112	113	114	115	1400	800	801	600	601	602	603	604	605	606	607	608


50	1544739910993	890	1032.9386
	ID,N,10,0	Est1	Est2	Est3	Est4	Est5	Est6	Est7	Est8	Est9	Est10	Est11	Est12	Est13	Est14	Est15	Est16
	1	108	109	110	111	112	113	114	115	800	801	300	301	302	303	304	305
	2	204	205	206	207	208	209	210	211	212	213	214	215	400	401	402	403
	3	902	900	901	902	1200	1201	1100	1101	1102	1200	1201	600	601	602	603	604
	4	208	209	210	211	212	213	214	215	800	801	1400	1400	900	901	902	500
	5	902	900	901	902	1400	900	901	902	1200	1201	700	701	702	703	704	705
	6	112	113	114	115	1100	1101	1102	900	901	902	1200	1201	1000	1001	1002	1200


55	1544739911565	571	1023.41406
	ID,N,10,0	Est1	Est2	Est3	Est4	Est5	Est6	Est7	Est8	Est9	Est10	Est11	Est12	Est13	Est14	Est15	Est16
	1	108	109	110	111	112	113	114	115	500	501	502	503	504	505	506	507
	2	204	205	206	207	208	209	210	211	212	213	214	215	800	801	600	601
	3	902	1200	1201	700	701	702	703	704	705	706	500	501	502	503	504	505
	4	208	209	210	211	212	213	214	215	400	401	402	403	404	405	406	407
	5	902	900	901	902	800	801	400	401	402	403	404	405	406	407	1400	800
	6	112	113	114	115	300	301	302	303	304	305	306	307	500	501	502	503


78	1544739911818	254	1012.0854
	ID,N,10,0	Est1	Est2	Est3	Est4	Est5	Est6	Est7	Est8	Est9	Est10	Est11	Est12	Est13	Est14	Est15	Est16
	1	108	109	110	111	112	113	114	115	300	301	302	303	304	305	306	307
	2	204	205	206	207	208	209	210	211	212	213	214	215	300	301	302	303
	3	902	1400	600	601	602	603	604	605	606	607	608	609	610	611	200	201
	4	208	209	210	211	212	213	214	215	300	301	302	303	304	305	306	307
	5	902	1400	1400	400	401	402	403	404	405	406	407	200	201	202	203	204
	6	112	113	114	115	1100	1101	1102	900	901	902	1400	200	201	202	203	204


123	1544739912981	1163	998.43
	ID,N,10,0	Est1	Est2	Est3	Est4	Est5	Est6	Est7	Est8	Est9	Est10	Est11	Est12	Est13	Est14	Est15	Est16
	1	108	109	110	111	112	113	114	115	700	701	702	703	704	705	706	1100
	2	204	205	206	207	208	209	210	211	212	213	214	215	700	701	702	703
	3	902	700	701	702	703	704	705	706	600	601	602	603	604	605	606	607
	4	208	209	210	211	212	213	214	215	700	701	702	703	704	705	706	1100
	5	902	200	201	202	203	204	205	206	207	208	209	210	211	212	213	214
	6	112	113	114	115	300	301	302	303	304	305	306	307	400	401	402	403


1173	1544739942931	29950	980.3056
	ID,N,10,0	Est1	Est2	Est3	Est4	Est5	Est6	Est7	Est8	Est9	Est10	Est11	Est12	Est13	Est14	Est15	Est16
	1	108	109	110	111	112	113	114	115	700	701	702	703	704	705	706	600
	2	204	205	206	207	208	209	210	211	212	213	214	215	1000	1001	1002	900
	3	902	1400	700	701	702	703	704	705	706	300	301	302	303	304	305	306
	4	208	209	210	211	212	213	214	215	1000	1001	1002	1200	1201	1400	1100	1101
	5	902	200	201	202	203	204	205	206	207	208	209	210	211	212	213	214
	6	112	113	114	115	700	701	702	703	704	705	706	200	201	202	203	204


108	1545360706796	2824	1007.67236
	ID,N,10,0	Est1	Est2	Est3	Est4	Est5	Est6	Est7	Est8	Est9	Est10	Est11	Est12	Est13	Est14	Est15	Est16
	1	108	109	110	111	112	113	114	115	600	601	602	603	604	605	606	607
	2	204	205	206	207	208	209	210	211	212	213	214	215	400	401	402	403
	3	902	1200	1201	200	201	202	203	204	205	206	207	208	209	210	211	212
	4	208	209	210	211	212	213	214	215	700	701	702	703	704	705	706	200
	5	902	200	201	202	203	204	205	206	207	208	209	210	211	212	213	214
	6	112	113	114	115	600	601	602	603	604	605	606	607	608	609	610	611


