Productor.C.254	Est1	Est2	Est3	Est4	Est5	Est6	Est7	Est8	Est9	Est10	Est11	Est12	Est13	Est14	Est15	Est16	Total sin Superficie	Total con Superficie
26	1805.6522	898.8386	3355.4812	1656.8013	1087.7126	1332.058	2609.268	1823.0171	1429.4617	1497.0638	2201.5928	1755.7974	1519.2537	1247.4464	2266.1477	1765.4076	28251.0	7138667.5
21	1640.5035	2045.9698	3366.0935	1707.4662	3142.7905	1755.1255	2523.9731	1873.7177	1559.3828	2204.5698	2272.7434	1730.5479	1641.5017	2382.676	2302.6912	1431.8027	33581.555	1.5043219E7
3	2271.737	894.6483	4112.6187	228.56099	879.7958	2136.8247	2439.6274	1725.485	1464.0698	2350.658	2435.203	661.46344	2237.3796	2619.2795	2058.6768	1362.2876	29878.314	1.7770348E7
7	2493.0244	669.19165	3938.8765	2031.6873	1069.9861	1669.4664	2479.1108	1956.1785	1210.3322	2051.208	2172.7346	1597.9827	839.90607	1555.3109	2199.3464	1759.2948	29693.637	2.2947446E7
22	1891.3821	1216.5519	4433.52	1540.3092	1485.6571	2433.907	2882.8533	1728.3604	1790.8263	1878.6622	2112.3296	1802.5244	1522.5151	1593.017	2233.2563	1619.7698	32165.445	3.0249014E7
6	1238.0116	1122.1669	3029.5671	1185.345	1417.248	1577.7908	2641.3508	1551.2335	2013.3933	1676.6055	2554.7815	1128.8004	990.7346	1443.9226	3129.4324	1068.86	27769.242	3.4950296E7
40	762.72595	1346.4648	2939.5852	1543.0275	1799.9633	1890.0204	3134.9795	1362.3442	1116.6012	1631.4543	1689.7695	1721.8219	1272.6123	2804.7793	2079.743	1671.9777	28767.871	4.3360224E7
34	1680.8188	1568.0293	3283.0803	1425.4799	1403.7734	1646.576	2991.6992	1588.4589	1467.5746	1501.5278	2583.0527	1487.758	1285.3915	1410.0885	2637.3682	1621.8027	29582.479	5.217478E7
13	1999.862	727.9832	3035.7234	2021.7708	967.6792	1965.3822	2591.737	1894.5591	1456.3865	1514.508	2355.63	2089.7913	1611.7755	2307.812	1923.7305	2737.5881	31201.916	5.8412332E7
29	2634.8027	600.32	2655.05	2166.8345	2323.7761	1753.3141	2381.048	2530.2883	1732.956	1569.9504	1582.6364	2272.2527	2124.137	1078.9786	3626.0344	2198.235	33230.617	6.7164832E7
39	1517.8801	2336.947	2550.803	1195.0647	1649.3108	2274.5056	1855.9976	2396.0293	1819.7196	2161.8713	1881.541	1413.4973	2165.6016	1720.7471	1823.2805	1671.9413	30434.738	8.3832144E7
28	1611.8457	1622.5732	3023.4736	1484.0544	1328.459	2297.5383	2979.4392	1877.0996	1913.2898	1844.6993	2949.492	1376.4707	1042.5117	1959.1593	2083.089	1600.5167	30993.715	9.2234952E7
38	1146.2169	1783.3225	2695.1118	1417.344	2343.1377	1731.3514	2821.2852	1492.4977	1411.1019	1734.8774	2462.5195	1431.811	2014.0355	1760.155	2561.5847	1554.9171	30361.268	1.07969408E8
4	1693.5885	1615.4078	3702.0251	1236.6504	2530.8118	1363.1292	2561.6768	1846.9081	1256.6608	2506.0886	2721.8867	1534.14	1350.8022	1802.3889	1897.9253	1586.5323	31206.623	1.12530056E8
16	2082.213	843.92975	3163.429	1769.9259	1272.8237	1892.9619	2504.7625	1908.2185	1173.8574	2221.051	2222.9995	1195.0209	1806.441	1393.8877	3004.4282	1716.6799	30172.63	1.18720864E8
27	1811.9796	1601.3871	3297.4385	1234.0076	2700.005	1961.4075	2457.5796	1311.4487	2567.4946	2044.1326	2488.9668	2025.6058	2483.4365	2083.1267	2326.4504	1776.9523	34171.42	1.28076848E8
37	1553.0636	944.8188	3390.3643	1399.2546	2069.5002	1749.2168	2566.2502	1840.1528	1242.248	1322.4672	2352.9663	1635.0459	1213.1078	1867.2838	2609.8035	1778.2618	29533.803	1.40972048E8
10	2122.743	896.0722	3962.3152	1875.7145	1213.7422	1459.1785	2678.8684	1519.0088	1830.9401	1877.7543	2132.9172	1433.0396	1865.8248	1105.4603	2498.8992	1727.5605	30200.037	1.46550576E8
14	843.111	918.21497	3226.3716	1832.0485	1731.436	1740.4093	3214.0886	1406.9824	1090.2343	2254.207	2362.8293	1694.607	1883.5941	1655.686	2635.906	1358.2838	29848.01	1.52912672E8
2	1667.314	587.7792	6473.4106	1239.0192	1280.537	2231.2825	2738.5386	1348.8369	1343.4288	2850.4902	2769.009	1489.4065	1572.0408	2504.8384	2217.0708	989.0558	33302.06	1.55493632E8
19	1513.8922	1600.0227	4080.9785	1529.9388	1220.3009	1525.2521	2713.6384	1461.6833	1329.21	1368.6749	2378.027	2208.94	1312.292	1792.17	2663.7402	1329.9624	30028.725	1.61908672E8
32	1424.2705	1078.583	3092.3196	1398.6658	1668.7578	1533.7589	2658.051	1366.1981	1039.1428	1099.8169	2256.9753	1979.8832	1584.7103	1870.1569	2401.6582	1823.602	28276.549	1.70480576E8
33	1633.2856	1186.2156	3998.3015	1178.8312	987.00476	1527.8392	3427.5476	1351.792	1398.6486	1599.4757	3212.5857	1274.4003	952.7623	1422.0782	2831.8062	1391.2438	29373.82	1.78730208E8
11	2038.276	1127.872	4084.0122	1928.9673	1300.4294	1690.2072	2851.6907	1633.3392	960.06024	1382.7034	2758.372	2010.7726	1433.1145	2672.461	2712.9316	1126.8904	31712.102	1.84959328E8
8	1460.5238	1313.3815	3466.7925	1459.3297	1414.2103	1546.5198	3337.287	1531.6965	1087.1713	3808.1858	3175.0964	981.8972	850.9164	2244.9993	1826.017	1673.1746	31177.197	1.9027912E8
23	1296.024	1105.929	3254.4375	1496.8956	1811.5875	1533.7721	3228.237	1408.4102	1575.498	1515.1072	2576.805	1293.2339	1408.7476	1442.8958	2563.1538	1404.1671	28914.906	1.97386192E8
1	1741.9485	587.133	2435.435	2329.276	1290.2249	1398.5582	2814.806	1874.4017	1493.3535	1871.6346	1981.5079	1482.8595	1429.6019	1926.8965	1553.4231	2071.0168	28282.078	1.99641072E8
36	1683.3275	1289.4421	3138.6748	1559.5033	1128.6956	1352.4491	2870.031	1524.1497	1528.8071	1873.844	3394.9204	1258.5266	1654.0082	2066.7864	2566.442	1772.3538	30661.96	2.11449968E8
24	2043.5714	1424.3793	3725.5986	1304.9163	1185.2704	1423.3645	2796.5718	1574.601	1617.6619	1483.9218	2693.5044	1449.0281	2148.1755	1520.1855	2874.8396	1444.9369	30710.525	2.187724E8
30	749.9544	1027.6819	3489.981	2145.3037	1862.3788	2093.02	2477.4097	901.12585	1282.7589	2519.9905	1916.521	1879.6129	1783.9452	2559.1147	2245.0881	1390.0062	30323.895	2.27664592E8
15	1393.8865	995.0045	2972.4993	1457.1061	1368.506	1880.8085	2850.1611	1651.8282	2118.924	2238.2163	2041.1974	2602.5466	2547.9722	1276.1648	2345.8203	2308.5117	32049.154	2.34192688E8
31	1855.7484	717.3944	3202.0322	1853.2585	1689.7883	2023.6678	2162.3953	2943.2524	1508.8716	1739.9586	2175.5889	1625.6484	1326.152	1498.3358	2062.397	2090.3735	30474.863	2.42607248E8
35	1350.0859	1318.3937	2589.4377	1306.5684	2112.685	1902.6687	2549.4326	1587.298	2655.7656	1599.1144	1893.0621	1890.8575	1468.3916	1730.1595	2461.9297	2049.5457	30465.396	2.53312736E8
17	869.6809	1262.4072	2873.1494	1455.1837	2888.8254	1822.4152	2960.8079	1679.1819	1044.9829	1066.1473	2572.6663	1439.1038	1368.5647	2175.6401	2470.5828	1097.4069	29046.742	2.59795888E8
18	1064.9514	1354.3394	3371.1697	1633.6505	1412.1624	1522.8857	2626.0637	1808.0938	1761.6283	1661.3873	1821.0714	3092.1936	1412.9299	1173.1251	1793.3646	1454.0746	28963.092	2.65991088E8
5	1129.2795	902.4718	2854.0417	2011.0092	1287.8345	978.48663	2691.9668	1130.9049	1523.4318	1855.4119	2304.896	1191.2211	1140.2322	3055.917	2119.1914	1578.0242	27754.32	2.70296128E8
12	1967.5857	837.98444	5498.5396	1139.7539	1344.391	2033.2306	2781.1648	1167.547	1620.6571	2072.2947	2117.1165	1535.6353	2398.5735	1920.7609	1815.1598	2049.651	32300.047	2.76584288E8
20	1498.2097	1596.6368	4086.0447	1595.187	1371.5006	2395.9312	3206.7913	1017.1356	3286.8547	2934.9219	1940.5508	1130.7106	2169.5342	1447.1733	2852.122	2417.7495	34947.055	2.8327152E8
9	1652.5697	2058.0469	2637.6943	1402.8845	1201.8943	1154.3942	2461.5242	1626.2063	1475.1117	1508.567	2140.876	1596.0725	1219.1731	1196.1084	2354.9492	1780.521	27466.596	2.87837024E8
25	1535.3573	944.137	3005.249	1818.1086	1323.8407	1587.9926	2699.1482	1446.5546	1754.5084	2325.428	2168.6548	2083.766	1907.5798	2283.7224	2395.7017	1276.5819	30556.33	2.94245536E8
41	1358.884	652.63806	3064.334	1551.7687	1827.0721	2041.7965	2897.9033	1773.2566	1693.7456	1881.0751	3360.415	1957.1661	1339.9962	2737.3455	2408.8645	1427.0134	31973.273	3.04544384E8
