Fosforo total:= 1658.9531
Restriccion Productividad:= 5
Restriccion CantUsos:= 3
Pixeles := Planificacion
  911:= 1001 1002 1003 801 802 301 302 303 304 305 306 307 308 801 802 301;
  913:= 401 402 403 404 405 406 407 408 601 602 603 604 605 606 607 608;
  914:= 601 602 603 604 605 606 607 608 609 610 611 612 1001 1002 1003 801;
  915:= 401 402 403 404 405 406 407 408 201 202 203 204 205 206 207 208;
  916:= 801 802 601 602 603 604 605 606 607 608 609 610 611 612 301 302;
  917:= 105 106 107 108 109 110 111 112 113 114 115 116 401 402 403 404;
  918:= 105 106 107 108 109 110 111 112 113 114 115 116 501 502 503 504;
  920:= 301 302 303 304 305 306 307 308 801 802 501 502 503 504 505 506;
  922:= 701 702 703 704 705 706 707 1401 1401 301 302 303 304 305 306 307;
  924:= 205 206 207 208 209 210 211 212 213 214 215 216 301 302 303 304;
  926:= 405 406 407 408 201 202 203 204 205 206 207 208 209 210 211 212;
  928:= 903 201 202 203 204 205 206 207 208 209 210 211 212 213 214 215;
  934:= 903 1201 1202 201 202 203 204 205 206 207 208 209 210 211 212 213;
  936:= 405 406 407 408 301 302 303 304 305 306 307 308 701 702 703 704;
  937:= 201 202 203 204 205 206 207 208 209 210 211 212 213 214 215 216;
  938:= 301 302 303 304 305 306 307 308 1401 1401 701 702 703 704 705 706;
  940:= 601 602 603 604 605 606 607 608 609 610 611 612 501 502 503 504;
  941:= 305 306 307 308 601 602 603 604 605 606 607 608 609 610 611 612;
  943:= 205 206 207 208 209 210 211 212 213 214 215 216 501 502 503 504;
  945:= 205 206 207 208 209 210 211 212 213 214 215 216 1401 901 902 903;
  954:= 903 501 502 503 504 505 506 507 508 509 510 511 512 301 302 303;
  958:= 305 306 307 308 1101 1102 1103 901 902 903 801 802 1401 401 402 403;
  960:= 201 202 203 204 205 206 207 208 209 210 211 212 213 214 215 216;
  962:= 301 302 303 304 305 306 307 308 401 402 403 404 405 406 407 408;
  964:= 701 702 703 704 705 706 707 501 502 503 504 505 506 507 508 509;
  966:= 501 502 503 504 505 506 507 508 509 510 511 512 301 302 303 304;
  970:= 1101 1102 1103 901 902 903 201 202 203 204 205 206 207 208 209 210;
  971:= 903 701 702 703 704 705 706 707 301 302 303 304 305 306 307 308;
  972:= 903 801 802 201 202 203 204 205 206 207 208 209 210 211 212 213;


