Fosforo total:= 1207.021
Restriccion Productividad:= 3
Restriccion CantUsos:= 2
Pixeles := Planificacion
  442:= 903 701 702 703 704 705 706 707 1401 701 702 703 704 705 706 707;
  443:= 109 110 111 112 113 114 115 116 401 402 403 404 405 406 407 408;
  444:= 1001 1002 1003 901 902 903 501 502 503 504 505 506 507 508 509 510;
  445:= 205 206 207 208 209 210 211 212 213 214 215 216 701 702 703 704;
  446:= 205 206 207 208 209 210 211 212 213 214 215 216 601 602 603 604;
  447:= 205 206 207 208 209 210 211 212 213 214 215 216 601 602 603 604;
  449:= 1001 1002 1003 1401 501 502 503 504 505 506 507 508 509 510 511 512;
  450:= 1001 1002 1003 901 902 903 201 202 203 204 205 206 207 208 209 210;
  451:= 601 602 603 604 605 606 607 608 609 610 611 612 1101 1102 1103 1201;
  452:= 903 801 802 1001 1002 1003 801 802 201 202 203 204 205 206 207 208;
  454:= 501 502 503 504 505 506 507 508 509 510 511 512 1101 1102 1103 1401;
  457:= 801 802 401 402 403 404 405 406 407 408 501 502 503 504 505 506;
  458:= 405 406 407 408 701 702 703 704 705 706 707 201 202 203 204 205;
  460:= 903 201 202 203 204 205 206 207 208 209 210 211 212 213 214 215;
  462:= 903 201 202 203 204 205 206 207 208 209 210 211 212 213 214 215;
  464:= 209 210 211 212 213 214 215 216 301 302 303 304 305 306 307 308;
  466:= 903 201 202 203 204 205 206 207 208 209 210 211 212 213 214 215;
  472:= 301 302 303 304 305 306 307 308 701 702 703 704 705 706 707 301;
  474:= 501 502 503 504 505 506 507 508 509 510 511 512 201 202 203 204;
  476:= 213 214 215 216 701 702 703 704 705 706 707 301 302 303 304 305;
  478:= 903 201 202 203 204 205 206 207 208 209 210 211 212 213 214 215;
  479:= 901 902 903 201 202 203 204 205 206 207 208 209 210 211 212 213;
  481:= 301 302 303 304 305 306 307 308 201 202 203 204 205 206 207 208;
  482:= 209 210 211 212 213 214 215 216 701 702 703 704 705 706 707 801;
  487:= 405 406 407 408 201 202 203 204 205 206 207 208 209 210 211 212;
  488:= 701 702 703 704 705 706 707 401 402 403 404 405 406 407 408 501;


