Fosforo total:= 1133.7106
Restriccion Productividad:= 4
Restriccion CantUsos:= 0
Pixeles := Planificacion
  264:= 701 702 703 704 705 706 707 601 602 603 604 605 606 607 608 609;
  268:= 209 210 211 212 213 214 215 216 501 502 503 504 505 506 507 508;
  270:= 501 502 503 504 505 506 507 508 509 510 511 512 601 602 603 604;
  272:= 209 210 211 212 213 214 215 216 801 802 401 402 403 404 405 406;
  274:= 903 1201 1202 201 202 203 204 205 206 207 208 209 210 211 212 213;
  275:= 205 206 207 208 209 210 211 212 213 214 215 216 801 802 701 702;
  276:= 903 1201 1202 501 502 503 504 505 506 507 508 509 510 511 512 801;
  278:= 205 206 207 208 209 210 211 212 213 214 215 216 1101 1102 1103 1401;
  280:= 205 206 207 208 209 210 211 212 213 214 215 216 901 902 903 901;
  282:= 205 206 207 208 209 210 211 212 213 214 215 216 701 702 703 704;
  283:= 105 106 107 108 109 110 111 112 113 114 115 116 301 302 303 304;
  285:= 903 701 702 703 704 705 706 707 401 402 403 404 405 406 407 408;
  287:= 105 106 107 108 109 110 111 112 113 114 115 116 801 802 201 202;
  290:= 109 110 111 112 113 114 115 116 701 702 703 704 705 706 707 201;
  292:= 213 214 215 216 701 702 703 704 705 706 707 201 202 203 204 205;
  293:= 903 701 702 703 704 705 706 707 301 302 303 304 305 306 307 308;
  294:= 213 214 215 216 301 302 303 304 305 306 307 308 201 202 203 204;
  296:= 701 702 703 704 705 706 707 201 202 203 204 205 206 207 208 209;
  298:= 903 1401 601 602 603 604 605 606 607 608 609 610 611 612 201 202;


