Fosforo total:= 1439.3246
Restriccion Productividad:= 5
Restriccion CantUsos:= 4
Pixeles := Planificacion
  683:= 601 602 603 604 605 606 607 608 609 610 611 612 901 902 903 201;
  685:= 201 202 203 204 205 206 207 208 209 210 211 212 213 214 215 216;
  687:= 405 406 407 408 301 302 303 304 305 306 307 308 601 602 603 604;
  689:= 201 202 203 204 205 206 207 208 209 210 211 212 213 214 215 216;
  691:= 205 206 207 208 209 210 211 212 213 214 215 216 401 402 403 404;
  693:= 601 602 603 604 605 606 607 608 609 610 611 612 401 402 403 404;
  695:= 601 602 603 604 605 606 607 608 609 610 611 612 801 802 401 402;
  697:= 601 602 603 604 605 606 607 608 609 610 611 612 201 202 203 204;
  698:= 213 214 215 216 501 502 503 504 505 506 507 508 509 510 511 512;
  699:= 213 214 215 216 601 602 603 604 605 606 607 608 609 610 611 612;
  701:= 701 702 703 704 705 706 707 1101 1102 1103 1401 1001 1002 1003 201 202;
  703:= 109 110 111 112 113 114 115 116 1001 1002 1003 1401 601 602 603 604;
  704:= 903 1201 1202 401 402 403 404 405 406 407 408 301 302 303 304 305;
  705:= 601 602 603 604 605 606 607 608 609 610 611 612 801 802 701 702;
  706:= 201 202 203 204 205 206 207 208 209 210 211 212 213 214 215 216;
  707:= 601 602 603 604 605 606 607 608 609 610 611 612 1001 1002 1003 801;
  709:= 205 206 207 208 209 210 211 212 213 214 215 216 1401 1101 1102 1103;
  710:= 601 602 603 604 605 606 607 608 609 610 611 612 801 802 301 302;
  712:= 903 1401 601 602 603 604 605 606 607 608 609 610 611 612 801 802;
  713:= 903 1401 801 802 401 402 403 404 405 406 407 408 801 802 301 302;
  715:= 903 701 702 703 704 705 706 707 301 302 303 304 305 306 307 308;
  716:= 301 302 303 304 305 306 307 308 701 702 703 704 705 706 707 501;
  718:= 1401 201 202 203 204 205 206 207 208 209 210 211 212 213 214 215;
  721:= 405 406 407 408 201 202 203 204 205 206 207 208 209 210 211 212;
  722:= 701 702 703 704 705 706 707 501 502 503 504 505 506 507 508 509;
  724:= 605 606 607 608 609 610 611 612 901 902 903 201 202 203 204 205;
  726:= 305 306 307 308 601 602 603 604 605 606 607 608 609 610 611 612;
  730:= 701 702 703 704 705 706 707 501 502 503 504 505 506 507 508 509;
  732:= 405 406 407 408 601 602 603 604 605 606 607 608 609 610 611 612;


