Fosforo total:= 2608.7407
Restriccion Productividad:= 4
Restriccion CantUsos:= 1
Pixeles := Planificacion
  1317:= 903 201 202 203 204 205 206 207 208 209 210 211 212 213 214 215;
  1321:= 105 106 107 108 109 110 111 112 113 114 115 116 301 302 303 304;
  1322:= 801 802 201 202 203 204 205 206 207 208 209 210 211 212 213 214;
  1324:= 301 302 303 304 305 306 307 308 601 602 603 604 605 606 607 608;
  1326:= 903 1201 1202 1401 301 302 303 304 305 306 307 308 701 702 703 704;
  1328:= 209 210 211 212 213 214 215 216 1401 801 802 601 602 603 604 605;
  1330:= 201 202 203 204 205 206 207 208 209 210 211 212 213 214 215 216;
  1332:= 601 602 603 604 605 606 607 608 609 610 611 612 201 202 203 204;
  1334:= 209 210 211 212 213 214 215 216 301 302 303 304 305 306 307 308;
  1336:= 213 214 215 216 301 302 303 304 305 306 307 308 601 602 603 604;
  1338:= 1101 1102 1103 1401 501 502 503 504 505 506 507 508 509 510 511 512;
  1340:= 901 902 903 201 202 203 204 205 206 207 208 209 210 211 212 213;
  1342:= 213 214 215 216 301 302 303 304 305 306 307 308 1101 1102 1103 1201;
  1344:= 213 214 215 216 1101 1102 1103 1201 1202 401 402 403 404 405 406 407;
  1346:= 609 610 611 612 701 702 703 704 705 706 707 901 902 903 501 502;
  1348:= 801 802 1001 1002 1003 801 802 701 702 703 704 705 706 707 201 202;
  1350:= 205 206 207 208 209 210 211 212 213 214 215 216 601 602 603 604;
  1352:= 401 402 403 404 405 406 407 408 301 302 303 304 305 306 307 308;
  1353:= 209 210 211 212 213 214 215 216 301 302 303 304 305 306 307 308;
  1355:= 903 501 502 503 504 505 506 507 508 509 510 511 512 701 702 703;
  1357:= 801 802 1001 1002 1003 201 202 203 204 205 206 207 208 209 210 211;
  1359:= 903 201 202 203 204 205 206 207 208 209 210 211 212 213 214 215;


