Fosforo total:= 1533.1539
Restriccion Productividad:= 7
Restriccion CantUsos:= 0
Pixeles := Planificacion
  863:= 205 206 207 208 209 210 211 212 213 214 215 216 301 302 303 304;
  867:= 201 202 203 204 205 206 207 208 209 210 211 212 213 214 215 216;
  869:= 305 306 307 308 201 202 203 204 205 206 207 208 209 210 211 212;
  871:= 701 702 703 704 705 706 707 201 202 203 204 205 206 207 208 209;
  873:= 201 202 203 204 205 206 207 208 209 210 211 212 213 214 215 216;
  875:= 903 201 202 203 204 205 206 207 208 209 210 211 212 213 214 215;
  876:= 109 110 111 112 113 114 115 116 301 302 303 304 305 306 307 308;
  880:= 305 306 307 308 701 702 703 704 705 706 707 401 402 403 404 405;
  883:= 501 502 503 504 505 506 507 508 509 510 511 512 201 202 203 204;
  884:= 903 801 802 1401 801 802 201 202 203 204 205 206 207 208 209 210;
  885:= 903 201 202 203 204 205 206 207 208 209 210 211 212 213 214 215;
  887:= 1401 801 802 601 602 603 604 605 606 607 608 609 610 611 612 1101;
  889:= 401 402 403 404 405 406 407 408 201 202 203 204 205 206 207 208;
  892:= 401 402 403 404 405 406 407 408 301 302 303 304 305 306 307 308;
  894:= 209 210 211 212 213 214 215 216 501 502 503 504 505 506 507 508;
  896:= 213 214 215 216 301 302 303 304 305 306 307 308 201 202 203 204;
  898:= 701 702 703 704 705 706 707 901 902 903 201 202 203 204 205 206;
  901:= 205 206 207 208 209 210 211 212 213 214 215 216 701 702 703 704;
  904:= 209 210 211 212 213 214 215 216 801 802 1001 1002 1003 201 202 203;
  910:= 401 402 403 404 405 406 407 408 601 602 603 604 605 606 607 608;


