Fosforo total:= 1097.3115
Restriccion Productividad:= 5
Restriccion CantUsos:= 0
Pixeles := Planificacion
  232:= 301 302 303 304 305 306 307 308 601 602 603 604 605 606 607 608;
  233:= 605 606 607 608 609 610 611 612 201 202 203 204 205 206 207 208;
  235:= 305 306 307 308 701 702 703 704 705 706 707 801 802 501 502 503;
  236:= 903 201 202 203 204 205 206 207 208 209 210 211 212 213 214 215;
  237:= 305 306 307 308 401 402 403 404 405 406 407 408 701 702 703 704;
  238:= 903 201 202 203 204 205 206 207 208 209 210 211 212 213 214 215;
  240:= 401 402 403 404 405 406 407 408 701 702 703 704 705 706 707 201;
  242:= 903 1201 1202 201 202 203 204 205 206 207 208 209 210 211 212 213;
  243:= 401 402 403 404 405 406 407 408 901 902 903 501 502 503 504 505;
  245:= 405 406 407 408 801 802 1401 1001 1002 1003 201 202 203 204 205 206;
  247:= 205 206 207 208 209 210 211 212 213 214 215 216 301 302 303 304;
  248:= 109 110 111 112 113 114 115 116 601 602 603 604 605 606 607 608;
  249:= 105 106 107 108 109 110 111 112 113 114 115 116 901 902 903 201;
  251:= 209 210 211 212 213 214 215 216 1101 1102 1103 901 902 903 501 502;
  252:= 213 214 215 216 401 402 403 404 405 406 407 408 601 602 603 604;
  253:= 209 210 211 212 213 214 215 216 901 902 903 1201 1202 601 602 603;
  256:= 209 210 211 212 213 214 215 216 401 402 403 404 405 406 407 408;
  259:= 405 406 407 408 901 902 903 501 502 503 504 505 506 507 508 509;
  260:= 903 501 502 503 504 505 506 507 508 509 510 511 512 701 702 703;
  262:= 903 201 202 203 204 205 206 207 208 209 210 211 212 213 214 215;


