Fosforo total:= 1217.5826
Restriccion Productividad:= 4
Restriccion CantUsos:= 0
Pixeles := Planificacion
  796:= 209 210 211 212 213 214 215 216 301 302 303 304 305 306 307 308;
  797:= 903 801 802 1401 1001 1002 1003 201 202 203 204 205 206 207 208 209;
  798:= 209 210 211 212 213 214 215 216 301 302 303 304 305 306 307 308;
  799:= 1401 301 302 303 304 305 306 307 308 1401 601 602 603 604 605 606;
  800:= 701 702 703 704 705 706 707 301 302 303 304 305 306 307 308 401;
  801:= 201 202 203 204 205 206 207 208 209 210 211 212 213 214 215 216;
  802:= 213 214 215 216 401 402 403 404 405 406 407 408 801 802 701 702;
  803:= 605 606 607 608 609 610 611 612 801 802 201 202 203 204 205 206;
  804:= 903 501 502 503 504 505 506 507 508 509 510 511 512 301 302 303;
  805:= 1101 1102 1103 1201 1202 401 402 403 404 405 406 407 408 501 502 503;
  806:= 701 702 703 704 705 706 707 901 902 903 201 202 203 204 205 206;
  807:= 903 801 802 601 602 603 604 605 606 607 608 609 610 611 612 1101;
  808:= 201 202 203 204 205 206 207 208 209 210 211 212 213 214 215 216;
  809:= 113 114 115 116 501 502 503 504 505 506 507 508 509 510 511 512;
  813:= 903 801 802 501 502 503 504 505 506 507 508 509 510 511 512 601;
  815:= 201 202 203 204 205 206 207 208 209 210 211 212 213 214 215 216;
  820:= 903 701 702 703 704 705 706 707 301 302 303 304 305 306 307 308;
  821:= 609 610 611 612 701 702 703 704 705 706 707 201 202 203 204 205;
  824:= 201 202 203 204 205 206 207 208 209 210 211 212 213 214 215 216;
  825:= 1001 1002 1003 201 202 203 204 205 206 207 208 209 210 211 212 213;
  826:= 903 501 502 503 504 505 506 507 508 509 510 511 512 401 402 403;
  833:= 201 202 203 204 205 206 207 208 209 210 211 212 213 214 215 216;


