Fosforo total:= 3108.44
Restriccion Productividad:= 5
Restriccion CantUsos:= 11
Pixeles := Planificacion
  1361:= 501 502 503 504 505 506 507 508 509 510 511 512 201 202 203 204;
  1363:= 305 306 307 308 201 202 203 204 205 206 207 208 209 210 211 212;
  1365:= 1401 201 202 203 204 205 206 207 208 209 210 211 212 213 214 215;
  1367:= 1001 1002 1003 801 802 201 202 203 204 205 206 207 208 209 210 211;
  1369:= 1001 1002 1003 501 502 503 504 505 506 507 508 509 510 511 512 901;
  1371:= 201 202 203 204 205 206 207 208 209 210 211 212 213 214 215 216;
  1372:= 609 610 611 612 801 802 401 402 403 404 405 406 407 408 201 202;
  1374:= 903 201 202 203 204 205 206 207 208 209 210 211 212 213 214 215;
  1375:= 105 106 107 108 109 110 111 112 113 114 115 116 901 902 903 201;
  1377:= 1001 1002 1003 501 502 503 504 505 506 507 508 509 510 511 512 701;
  1378:= 903 901 902 903 901 902 903 1201 1202 201 202 203 204 205 206 207;
  1379:= 903 201 202 203 204 205 206 207 208 209 210 211 212 213 214 215;
  1380:= 903 701 702 703 704 705 706 707 301 302 303 304 305 306 307 308;
  1382:= 205 206 207 208 209 210 211 212 213 214 215 216 1401 501 502 503;
  1384:= 213 214 215 216 501 502 503 504 505 506 507 508 509 510 511 512;
  1386:= 1101 1102 1103 1401 701 702 703 704 705 706 707 201 202 203 204 205;
  1387:= 701 702 703 704 705 706 707 301 302 303 304 305 306 307 308 1401;
  1389:= 903 1401 1401 301 302 303 304 305 306 307 308 201 202 203 204 205;
  1390:= 605 606 607 608 609 610 611 612 801 802 401 402 403 404 405 406;
  1391:= 801 802 701 702 703 704 705 706 707 401 402 403 404 405 406 407;
  1393:= 401 402 403 404 405 406 407 408 201 202 203 204 205 206 207 208;
  1396:= 901 902 903 501 502 503 504 505 506 507 508 509 510 511 512 701;
  1399:= 209 210 211 212 213 214 215 216 1401 401 402 403 404 405 406 407;
  1400:= 209 210 211 212 213 214 215 216 601 602 603 604 605 606 607 608;
  1401:= 701 702 703 704 705 706 707 201 202 203 204 205 206 207 208 209;
  1403:= 201 202 203 204 205 206 207 208 209 210 211 212 213 214 215 216;
  1405:= 401 402 403 404 405 406 407 408 501 502 503 504 505 506 507 508;
  1406:= 801 802 1001 1002 1003 201 202 203 204 205 206 207 208 209 210 211;
  1407:= 401 402 403 404 405 406 407 408 301 302 303 304 305 306 307 308;
  1409:= 305 306 307 308 701 702 703 704 705 706 707 401 402 403 404 405;
  1410:= 205 206 207 208 209 210 211 212 213 214 215 216 501 502 503 504;
  1411:= 701 702 703 704 705 706 707 501 502 503 504 505 506 507 508 509;
  1412:= 209 210 211 212 213 214 215 216 1001 1002 1003 201 202 203 204 205;
  1414:= 109 110 111 112 113 114 115 116 801 802 1401 601 602 603 604 605;
  1418:= 213 214 215 216 601 602 603 604 605 606 607 608 609 610 611 612;
  1420:= 213 214 215 216 301 302 303 304 305 306 307 308 201 202 203 204;
  1422:= 301 302 303 304 305 306 307 308 201 202 203 204 205 206 207 208;
  1424:= 1101 1102 1103 901 902 903 201 202 203 204 205 206 207 208 209 210;
  1426:= 201 202 203 204 205 206 207 208 209 210 211 212 213 214 215 216;
  1428:= 605 606 607 608 609 610 611 612 501 502 503 504 505 506 507 508;
  1430:= 701 702 703 704 705 706 707 201 202 203 204 205 206 207 208 209;
  1432:= 701 702 703 704 705 706 707 901 902 903 1201 1202 301 302 303 304;
  1433:= 301 302 303 304 305 306 307 308 901 902 903 201 202 203 204 205;
  1435:= 301 302 303 304 305 306 307 308 701 702 703 704 705 706 707 301;
  1438:= 701 702 703 704 705 706 707 201 202 203 204 205 206 207 208 209;
  1440:= 405 406 407 408 201 202 203 204 205 206 207 208 209 210 211 212;
  1441:= 1001 1002 1003 201 202 203 204 205 206 207 208 209 210 211 212 213;
  1443:= 209 210 211 212 213 214 215 216 801 802 1001 1002 1003 901 902 903;
  1444:= 405 406 407 408 601 602 603 604 605 606 607 608 609 610 611 612;
  1446:= 509 510 511 512 701 702 703 704 705 706 707 301 302 303 304 305;
  1447:= 801 802 601 602 603 604 605 606 607 608 609 610 611 612 901 902;
  1448:= 1401 1001 1002 1003 501 502 503 504 505 506 507 508 509 510 511 512;


