Fosforo total:= 1261.698
Restriccion Productividad:= 6
Restriccion CantUsos:= 0
Pixeles := Planificacion
  657:= 601 602 603 604 605 606 607 608 609 610 611 612 901 902 903 1401;
  658:= 903 1401 1201 1202 201 202 203 204 205 206 207 208 209 210 211 212;
  660:= 509 510 511 512 701 702 703 704 705 706 707 301 302 303 304 305;
  661:= 205 206 207 208 209 210 211 212 213 214 215 216 401 402 403 404;
  663:= 213 214 215 216 501 502 503 504 505 506 507 508 509 510 511 512;
  664:= 201 202 203 204 205 206 207 208 209 210 211 212 213 214 215 216;
  665:= 305 306 307 308 401 402 403 404 405 406 407 408 601 602 603 604;
  666:= 205 206 207 208 209 210 211 212 213 214 215 216 601 602 603 604;
  668:= 209 210 211 212 213 214 215 216 901 902 903 501 502 503 504 505;
  669:= 903 1401 501 502 503 504 505 506 507 508 509 510 511 512 701 702;
  671:= 701 702 703 704 705 706 707 601 602 603 604 605 606 607 608 609;
  672:= 903 701 702 703 704 705 706 707 1101 1102 1103 901 902 903 201 202;
  674:= 903 801 802 401 402 403 404 405 406 407 408 501 502 503 504 505;
  676:= 605 606 607 608 609 610 611 612 201 202 203 204 205 206 207 208;
  680:= 501 502 503 504 505 506 507 508 509 510 511 512 1101 1102 1103 901;
  682:= 305 306 307 308 701 702 703 704 705 706 707 601 602 603 604 605;


