Fosforo total:= 1488.908
Restriccion Productividad:= 4
Restriccion CantUsos:= 6
Pixeles := Planificacion
  733:= 201 202 203 204 205 206 207 208 209 210 211 212 213 214 215 216;
  735:= 205 206 207 208 209 210 211 212 213 214 215 216 701 702 703 704;
  737:= 501 502 503 504 505 506 507 508 509 510 511 512 301 302 303 304;
  739:= 105 106 107 108 109 110 111 112 113 114 115 116 301 302 303 304;
  742:= 401 402 403 404 405 406 407 408 201 202 203 204 205 206 207 208;
  744:= 903 201 202 203 204 205 206 207 208 209 210 211 212 213 214 215;
  746:= 903 901 902 903 801 802 201 202 203 204 205 206 207 208 209 210;
  748:= 201 202 203 204 205 206 207 208 209 210 211 212 213 214 215 216;
  750:= 903 201 202 203 204 205 206 207 208 209 210 211 212 213 214 215;
  751:= 301 302 303 304 305 306 307 308 601 602 603 604 605 606 607 608;
  753:= 609 610 611 612 301 302 303 304 305 306 307 308 601 602 603 604;
  755:= 205 206 207 208 209 210 211 212 213 214 215 216 301 302 303 304;
  757:= 205 206 207 208 209 210 211 212 213 214 215 216 501 502 503 504;
  759:= 205 206 207 208 209 210 211 212 213 214 215 216 701 702 703 704;
  761:= 609 610 611 612 1001 1002 1003 801 802 1001 1002 1003 801 802 1001 1002;
  762:= 609 610 611 612 901 902 903 501 502 503 504 505 506 507 508 509;
  764:= 609 610 611 612 701 702 703 704 705 706 707 301 302 303 304 305;
  766:= 605 606 607 608 609 610 611 612 901 902 903 801 802 301 302 303;
  768:= 405 406 407 408 801 802 201 202 203 204 205 206 207 208 209 210;
  769:= 609 610 611 612 201 202 203 204 205 206 207 208 209 210 211 212;
  771:= 903 501 502 503 504 505 506 507 508 509 510 511 512 801 802 301;
  772:= 213 214 215 216 801 802 701 702 703 704 705 706 707 1001 1002 1003;
  776:= 401 402 403 404 405 406 407 408 1101 1102 1103 1401 701 702 703 704;
  778:= 609 610 611 612 801 802 201 202 203 204 205 206 207 208 209 210;
  779:= 609 610 611 612 801 802 301 302 303 304 305 306 307 308 201 202;
  780:= 609 610 611 612 401 402 403 404 405 406 407 408 801 802 601 602;
  782:= 501 502 503 504 505 506 507 508 509 510 511 512 201 202 203 204;
  783:= 701 702 703 704 705 706 707 601 602 603 604 605 606 607 608 609;
  784:= 801 802 1401 301 302 303 304 305 306 307 308 1101 1102 1103 1201 1202;
  786:= 701 702 703 704 705 706 707 501 502 503 504 505 506 507 508 509;
  788:= 109 110 111 112 113 114 115 116 601 602 603 604 605 606 607 608;
  789:= 205 206 207 208 209 210 211 212 213 214 215 216 901 902 903 1201;
  793:= 903 701 702 703 704 705 706 707 1401 301 302 303 304 305 306 307;
  795:= 305 306 307 308 601 602 603 604 605 606 607 608 609 610 611 612;


