Fosforo total:= 2271.691
Restriccion Productividad:= 7
Restriccion CantUsos:= 0
Pixeles := Planificacion
  1220:= 501 502 503 504 505 506 507 508 509 510 511 512 801 802 201 202;
  1222:= 903 201 202 203 204 205 206 207 208 209 210 211 212 213 214 215;
  1224:= 301 302 303 304 305 306 307 308 901 902 903 501 502 503 504 505;
  1226:= 1301 1302 1303 1304 801 802 301 302 303 304 305 306 307 308 801 802;
  1227:= 903 201 202 203 204 205 206 207 208 209 210 211 212 213 214 215;
  1228:= 903 501 502 503 504 505 506 507 508 509 510 511 512 401 402 403;
  1230:= 601 602 603 604 605 606 607 608 609 610 611 612 701 702 703 704;
  1232:= 209 210 211 212 213 214 215 216 801 802 201 202 203 204 205 206;
  1234:= 401 402 403 404 405 406 407 408 801 802 201 202 203 204 205 206;
  1236:= 401 402 403 404 405 406 407 408 501 502 503 504 505 506 507 508;
  1238:= 301 302 303 304 305 306 307 308 1001 1002 1003 701 702 703 704 705;
  1240:= 109 110 111 112 113 114 115 116 901 902 903 501 502 503 504 505;
  1241:= 601 602 603 604 605 606 607 608 609 610 611 612 1101 1102 1103 1201;
  1242:= 301 302 303 304 305 306 307 308 801 802 301 302 303 304 305 306;
  1244:= 201 202 203 204 205 206 207 208 209 210 211 212 213 214 215 216;
  1246:= 1101 1102 1103 1201 1202 701 702 703 704 705 706 707 201 202 203 204;
  1247:= 1101 1102 1103 901 902 903 201 202 203 204 205 206 207 208 209 210;
  1248:= 305 306 307 308 901 902 903 1201 1202 201 202 203 204 205 206 207;
  1250:= 213 214 215 216 501 502 503 504 505 506 507 508 509 510 511 512;
  1251:= 301 302 303 304 305 306 307 308 201 202 203 204 205 206 207 208;
  1253:= 213 214 215 216 801 802 501 502 503 504 505 506 507 508 509 510;
  1254:= 105 106 107 108 109 110 111 112 113 114 115 116 801 802 301 302;
  1256:= 903 201 202 203 204 205 206 207 208 209 210 211 212 213 214 215;
  1258:= 701 702 703 704 705 706 707 301 302 303 304 305 306 307 308 1401;


