Fosforo total:= 1175.2777
Restriccion Productividad:= 5
Restriccion CantUsos:= 0
Pixeles := Planificacion
  400:= 401 402 403 404 405 406 407 408 201 202 203 204 205 206 207 208;
  402:= 201 202 203 204 205 206 207 208 209 210 211 212 213 214 215 216;
  403:= 903 201 202 203 204 205 206 207 208 209 210 211 212 213 214 215;
  404:= 501 502 503 504 505 506 507 508 509 510 511 512 801 802 701 702;
  406:= 701 702 703 704 705 706 707 1401 1101 1102 1103 901 902 903 801 802;
  407:= 201 202 203 204 205 206 207 208 209 210 211 212 213 214 215 216;
  409:= 213 214 215 216 501 502 503 504 505 506 507 508 509 510 511 512;
  411:= 201 202 203 204 205 206 207 208 209 210 211 212 213 214 215 216;
  415:= 209 210 211 212 213 214 215 216 1101 1102 1103 1201 1202 401 402 403;
  417:= 209 210 211 212 213 214 215 216 1001 1002 1003 201 202 203 204 205;
  418:= 213 214 215 216 601 602 603 604 605 606 607 608 609 610 611 612;
  420:= 201 202 203 204 205 206 207 208 209 210 211 212 213 214 215 216;
  421:= 701 702 703 704 705 706 707 301 302 303 304 305 306 307 308 201;
  422:= 209 210 211 212 213 214 215 216 301 302 303 304 305 306 307 308;
  424:= 903 701 702 703 704 705 706 707 601 602 603 604 605 606 607 608;
  425:= 903 801 802 601 602 603 604 605 606 607 608 609 610 611 612 301;
  427:= 801 802 601 602 603 604 605 606 607 608 609 610 611 612 301 302;
  428:= 201 202 203 204 205 206 207 208 209 210 211 212 213 214 215 216;
  430:= 109 110 111 112 113 114 115 116 501 502 503 504 505 506 507 508;
  432:= 109 110 111 112 113 114 115 116 601 602 603 604 605 606 607 608;
  434:= 801 802 701 702 703 704 705 706 707 601 602 603 604 605 606 607;
  438:= 701 702 703 704 705 706 707 201 202 203 204 205 206 207 208 209;
  441:= 205 206 207 208 209 210 211 212 213 214 215 216 801 802 201 202;


