Fosforo total:= 1202.9479
Restriccion Productividad:= 6
Restriccion CantUsos:= 0
Pixeles := Planificacion
  524:= 201 202 203 204 205 206 207 208 209 210 211 212 213 214 215 216;
  525:= 903 1401 801 802 201 202 203 204 205 206 207 208 209 210 211 212;
  529:= 1001 1002 1003 501 502 503 504 505 506 507 508 509 510 511 512 901;
  530:= 701 702 703 704 705 706 707 1101 1102 1103 1401 1401 601 602 603 604;
  531:= 209 210 211 212 213 214 215 216 301 302 303 304 305 306 307 308;
  534:= 405 406 407 408 201 202 203 204 205 206 207 208 209 210 211 212;
  535:= 405 406 407 408 901 902 903 201 202 203 204 205 206 207 208 209;
  536:= 701 702 703 704 705 706 707 801 802 201 202 203 204 205 206 207;
  538:= 213 214 215 216 801 802 1401 1201 1202 301 302 303 304 305 306 307;
  540:= 903 201 202 203 204 205 206 207 208 209 210 211 212 213 214 215;
  541:= 903 201 202 203 204 205 206 207 208 209 210 211 212 213 214 215;
  542:= 213 214 215 216 1101 1102 1103 1201 1202 201 202 203 204 205 206 207;
  543:= 301 302 303 304 305 306 307 308 801 802 1101 1102 1103 1201 1202 401;
  544:= 301 302 303 304 305 306 307 308 501 502 503 504 505 506 507 508;
  545:= 401 402 403 404 405 406 407 408 301 302 303 304 305 306 307 308;
  548:= 903 201 202 203 204 205 206 207 208 209 210 211 212 213 214 215;
  550:= 601 602 603 604 605 606 607 608 609 610 611 612 801 802 1401 201;
  552:= 609 610 611 612 201 202 203 204 205 206 207 208 209 210 211 212;
  553:= 609 610 611 612 201 202 203 204 205 206 207 208 209 210 211 212;


