Fosforo total:= 926.6539
Restriccion Productividad:= 6
Restriccion CantUsos:= 0
Pixeles := Planificacion
  122:= 501 502 503 504 505 506 507 508 509 510 511 512 801 802 301 302;
  123:= 903 201 202 203 204 205 206 207 208 209 210 211 212 213 214 215;
  125:= 205 206 207 208 209 210 211 212 213 214 215 216 401 402 403 404;
  126:= 205 206 207 208 209 210 211 212 213 214 215 216 701 702 703 704;
  128:= 209 210 211 212 213 214 215 216 701 702 703 704 705 706 707 501;
  130:= 605 606 607 608 609 610 611 612 801 802 1001 1002 1003 701 702 703;
  132:= 209 210 211 212 213 214 215 216 301 302 303 304 305 306 307 308;
  134:= 213 214 215 216 801 802 301 302 303 304 305 306 307 308 801 802;
  136:= 201 202 203 204 205 206 207 208 209 210 211 212 213 214 215 216;
  137:= 1001 1002 1003 801 802 401 402 403 404 405 406 407 408 601 602 603;
  138:= 701 702 703 704 705 706 707 601 602 603 604 605 606 607 608 609;
  141:= 801 802 701 702 703 704 705 706 707 601 602 603 604 605 606 607;
  143:= 601 602 603 604 605 606 607 608 609 610 611 612 201 202 203 204;
  145:= 405 406 407 408 201 202 203 204 205 206 207 208 209 210 211 212;
  147:= 903 1201 1202 401 402 403 404 405 406 407 408 501 502 503 504 505;
  148:= 601 602 603 604 605 606 607 608 609 610 611 612 201 202 203 204;


