Fosforo total:= 969.3611
Restriccion Productividad:= 3
Restriccion CantUsos:= 0
Pixeles := Planificacion
  201:= 305 306 307 308 801 802 701 702 703 704 705 706 707 401 402 403;
  204:= 903 501 502 503 504 505 506 507 508 509 510 511 512 1101 1102 1103;
  207:= 1001 1002 1003 501 502 503 504 505 506 507 508 509 510 511 512 701;
  208:= 801 802 201 202 203 204 205 206 207 208 209 210 211 212 213 214;
  209:= 301 302 303 304 305 306 307 308 701 702 703 704 705 706 707 201;
  210:= 903 901 902 903 1201 1202 1401 401 402 403 404 405 406 407 408 901;
  211:= 109 110 111 112 113 114 115 116 401 402 403 404 405 406 407 408;
  214:= 301 302 303 304 305 306 307 308 201 202 203 204 205 206 207 208;
  215:= 105 106 107 108 109 110 111 112 113 114 115 116 301 302 303 304;
  218:= 209 210 211 212 213 214 215 216 901 902 903 501 502 503 504 505;
  220:= 105 106 107 108 109 110 111 112 113 114 115 116 501 502 503 504;
  222:= 501 502 503 504 505 506 507 508 509 510 511 512 1101 1102 1103 901;
  224:= 213 214 215 216 301 302 303 304 305 306 307 308 701 702 703 704;
  225:= 301 302 303 304 305 306 307 308 201 202 203 204 205 206 207 208;
  228:= 701 702 703 704 705 706 707 501 502 503 504 505 506 507 508 509;
  229:= 109 110 111 112 113 114 115 116 801 802 501 502 503 504 505 506;
  230:= 201 202 203 204 205 206 207 208 209 210 211 212 213 214 215 216;


