Fosforo total:= 1845.9579
Restriccion Productividad:= 4
Restriccion CantUsos:= 0
Pixeles := Planificacion
  1170:= 105 106 107 108 109 110 111 112 113 114 115 116 701 702 703 704;
  1171:= 201 202 203 204 205 206 207 208 209 210 211 212 213 214 215 216;
  1172:= 1401 1001 1002 1003 201 202 203 204 205 206 207 208 209 210 211 212;
  1176:= 209 210 211 212 213 214 215 216 301 302 303 304 305 306 307 308;
  1178:= 305 306 307 308 201 202 203 204 205 206 207 208 209 210 211 212;
  1180:= 401 402 403 404 405 406 407 408 801 802 401 402 403 404 405 406;
  1182:= 501 502 503 504 505 506 507 508 509 510 511 512 701 702 703 704;
  1184:= 105 106 107 108 109 110 111 112 113 114 115 116 501 502 503 504;
  1185:= 209 210 211 212 213 214 215 216 401 402 403 404 405 406 407 408;
  1189:= 201 202 203 204 205 206 207 208 209 210 211 212 213 214 215 216;
  1190:= 903 901 902 903 501 502 503 504 505 506 507 508 509 510 511 512;
  1194:= 213 214 215 216 1101 1102 1103 1401 201 202 203 204 205 206 207 208;
  1196:= 201 202 203 204 205 206 207 208 209 210 211 212 213 214 215 216;
  1197:= 801 802 501 502 503 504 505 506 507 508 509 510 511 512 201 202;
  1198:= 903 501 502 503 504 505 506 507 508 509 510 511 512 701 702 703;
  1199:= 903 801 802 501 502 503 504 505 506 507 508 509 510 511 512 801;
  1201:= 903 701 702 703 704 705 706 707 901 902 903 701 702 703 704 705;
  1206:= 601 602 603 604 605 606 607 608 609 610 611 612 201 202 203 204;
  1207:= 903 201 202 203 204 205 206 207 208 209 210 211 212 213 214 215;
  1209:= 609 610 611 612 201 202 203 204 205 206 207 208 209 210 211 212;
  1214:= 305 306 307 308 501 502 503 504 505 506 507 508 509 510 511 512;
  1216:= 903 201 202 203 204 205 206 207 208 209 210 211 212 213 214 215;
  1218:= 801 802 201 202 203 204 205 206 207 208 209 210 211 212 213 214;


