Fosforo total:= 2305.4458
Restriccion Productividad:= 7
Restriccion CantUsos:= 0
Pixeles := Planificacion
  1260:= 209 210 211 212 213 214 215 216 401 402 403 404 405 406 407 408;
  1262:= 405 406 407 408 301 302 303 304 305 306 307 308 201 202 203 204;
  1263:= 903 901 902 903 201 202 203 204 205 206 207 208 209 210 211 212;
  1265:= 213 214 215 216 301 302 303 304 305 306 307 308 801 802 701 702;
  1267:= 205 206 207 208 209 210 211 212 213 214 215 216 1101 1102 1103 1401;
  1275:= 109 110 111 112 113 114 115 116 601 602 603 604 605 606 607 608;
  1279:= 301 302 303 304 305 306 307 308 601 602 603 604 605 606 607 608;
  1280:= 201 202 203 204 205 206 207 208 209 210 211 212 213 214 215 216;
  1281:= 1001 1002 1003 701 702 703 704 705 706 707 1101 1102 1103 1201 1202 301;
  1286:= 701 702 703 704 705 706 707 501 502 503 504 505 506 507 508 509;
  1288:= 701 702 703 704 705 706 707 1401 1401 201 202 203 204 205 206 207;
  1293:= 205 206 207 208 209 210 211 212 213 214 215 216 601 602 603 604;
  1295:= 213 214 215 216 901 902 903 501 502 503 504 505 506 507 508 509;
  1299:= 903 701 702 703 704 705 706 707 401 402 403 404 405 406 407 408;
  1303:= 305 306 307 308 801 802 401 402 403 404 405 406 407 408 701 702;
  1305:= 903 801 802 301 302 303 304 305 306 307 308 201 202 203 204 205;
  1307:= 209 210 211 212 213 214 215 216 301 302 303 304 305 306 307 308;
  1308:= 701 702 703 704 705 706 707 201 202 203 204 205 206 207 208 209;
  1310:= 305 306 307 308 501 502 503 504 505 506 507 508 509 510 511 512;
  1313:= 701 702 703 704 705 706 707 301 302 303 304 305 306 307 308 501;
  1314:= 401 402 403 404 405 406 407 408 301 302 303 304 305 306 307 308;
  1316:= 209 210 211 212 213 214 215 216 401 402 403 404 405 406 407 408;


