Fosforo total:= 849.3581
Restriccion Productividad:= 4
Restriccion CantUsos:= 4
Pixeles := Planificacion
  58:= 201 202 203 204 205 206 207 208 209 210 211 212 213 214 215 216;
  59:= 105 106 107 108 109 110 111 112 113 114 115 116 601 602 603 604;
  61:= 201 202 203 204 205 206 207 208 209 210 211 212 213 214 215 216;
  62:= 109 110 111 112 113 114 115 116 601 602 603 604 605 606 607 608;
  64:= 201 202 203 204 205 206 207 208 209 210 211 212 213 214 215 216;
  66:= 113 114 115 116 1401 701 702 703 704 705 706 707 201 202 203 204;
  68:= 903 501 502 503 504 505 506 507 508 509 510 511 512 601 602 603;
  69:= 903 1201 1202 1001 1002 1003 701 702 703 704 705 706 707 801 802 401;
  70:= 903 1401 201 202 203 204 205 206 207 208 209 210 211 212 213 214;
  71:= 903 801 802 701 702 703 704 705 706 707 201 202 203 204 205 206;
  72:= 601 602 603 604 605 606 607 608 609 610 611 612 701 702 703 704;
  73:= 903 801 802 601 602 603 604 605 606 607 608 609 610 611 612 501;
  74:= 305 306 307 308 501 502 503 504 505 506 507 508 509 510 511 512;
  75:= 801 802 701 702 703 704 705 706 707 301 302 303 304 305 306 307;
  76:= 405 406 407 408 1401 401 402 403 404 405 406 407 408 1401 701 702;
  77:= 1101 1102 1103 1401 701 702 703 704 705 706 707 201 202 203 204 205;
  79:= 209 210 211 212 213 214 215 216 401 402 403 404 405 406 407 408;
  80:= 1401 601 602 603 604 605 606 607 608 609 610 611 612 201 202 203;
  83:= 205 206 207 208 209 210 211 212 213 214 215 216 601 602 603 604;
  85:= 209 210 211 212 213 214 215 216 301 302 303 304 305 306 307 308;
  86:= 213 214 215 216 701 702 703 704 705 706 707 1101 1102 1103 1201 1202;
  87:= 1401 401 402 403 404 405 406 407 408 1101 1102 1103 1401 501 502 503;
  91:= 201 202 203 204 205 206 207 208 209 210 211 212 213 214 215 216;
  94:= 201 202 203 204 205 206 207 208 209 210 211 212 213 214 215 216;
  97:= 301 302 303 304 305 306 307 308 801 802 401 402 403 404 405 406;
  95:= 205 206 207 208 209 210 211 212 213 214 215 216 701 702 703 704;
  96:= 201 202 203 204 205 206 207 208 209 210 211 212 213 214 215 216;


