Fosforo total:= 1179.375
Restriccion Productividad:= 6
Restriccion CantUsos:= 0
Pixeles := Planificacion
  340:= 105 106 107 108 109 110 111 112 113 114 115 116 501 502 503 504;
  342:= 903 201 202 203 204 205 206 207 208 209 210 211 212 213 214 215;
  345:= 201 202 203 204 205 206 207 208 209 210 211 212 213 214 215 216;
  346:= 903 1201 1202 201 202 203 204 205 206 207 208 209 210 211 212 213;
  348:= 609 610 611 612 701 702 703 704 705 706 707 501 502 503 504 505;
  350:= 113 114 115 116 701 702 703 704 705 706 707 201 202 203 204 205;
  352:= 105 106 107 108 109 110 111 112 113 114 115 116 501 502 503 504;
  354:= 105 106 107 108 109 110 111 112 113 114 115 116 401 402 403 404;
  356:= 903 501 502 503 504 505 506 507 508 509 510 511 512 801 802 201;
  359:= 601 602 603 604 605 606 607 608 609 610 611 612 701 702 703 704;
  361:= 301 302 303 304 305 306 307 308 801 802 301 302 303 304 305 306;
  363:= 903 1201 1202 1001 1002 1003 1401 301 302 303 304 305 306 307 308 701;
  365:= 601 602 603 604 605 606 607 608 609 610 611 612 201 202 203 204;
  366:= 903 201 202 203 204 205 206 207 208 209 210 211 212 213 214 215;
  367:= 209 210 211 212 213 214 215 216 301 302 303 304 305 306 307 308;
  369:= 305 306 307 308 901 902 903 1201 1202 1001 1002 1003 1201 1202 1101 1102;
  371:= 305 306 307 308 401 402 403 404 405 406 407 408 501 502 503 504;
  373:= 609 610 611 612 501 502 503 504 505 506 507 508 509 510 511 512;
  374:= 701 702 703 704 705 706 707 201 202 203 204 205 206 207 208 209;
  377:= 209 210 211 212 213 214 215 216 601 602 603 604 605 606 607 608;


