Fosforo total:= 1681.8232
Restriccion Productividad:= 6
Restriccion CantUsos:= 0
Pixeles := Planificacion
  1087:= 401 402 403 404 405 406 407 408 701 702 703 704 705 706 707 1101;
  1089:= 209 210 211 212 213 214 215 216 701 702 703 704 705 706 707 401;
  1090:= 903 1401 1401 201 202 203 204 205 206 207 208 209 210 211 212 213;
  1091:= 1401 201 202 203 204 205 206 207 208 209 210 211 212 213 214 215;
  1093:= 209 210 211 212 213 214 215 216 601 602 603 604 605 606 607 608;
  1095:= 903 801 802 601 602 603 604 605 606 607 608 609 610 611 612 701;
  1097:= 213 214 215 216 1101 1102 1103 901 902 903 901 902 903 901 902 903;
  1099:= 701 702 703 704 705 706 707 201 202 203 204 205 206 207 208 209;
  1101:= 301 302 303 304 305 306 307 308 201 202 203 204 205 206 207 208;
  1103:= 213 214 215 216 1401 1001 1002 1003 501 502 503 504 505 506 507 508;
  1105:= 1201 1202 401 402 403 404 405 406 407 408 601 602 603 604 605 606;
  1107:= 903 501 502 503 504 505 506 507 508 509 510 511 512 1101 1102 1103;
  1109:= 701 702 703 704 705 706 707 801 802 701 702 703 704 705 706 707;
  1111:= 201 202 203 204 205 206 207 208 209 210 211 212 213 214 215 216;
  1113:= 601 602 603 604 605 606 607 608 609 610 611 612 701 702 703 704;
  1114:= 301 302 303 304 305 306 307 308 1001 1002 1003 501 502 503 504 505;
  1116:= 605 606 607 608 609 610 611 612 501 502 503 504 505 506 507 508;
  1118:= 701 702 703 704 705 706 707 201 202 203 204 205 206 207 208 209;


