Fosforo total:= 3238.7024
Restriccion Productividad:= 6
Restriccion CantUsos:= 1
Pixeles := Planificacion
  1451:= 903 1201 1202 501 502 503 504 505 506 507 508 509 510 511 512 701;
  1453:= 601 602 603 604 605 606 607 608 609 610 611 612 201 202 203 204;
  1455:= 201 202 203 204 205 206 207 208 209 210 211 212 213 214 215 216;
  1457:= 209 210 211 212 213 214 215 216 501 502 503 504 505 506 507 508;
  1461:= 903 201 202 203 204 205 206 207 208 209 210 211 212 213 214 215;
  1463:= 501 502 503 504 505 506 507 508 509 510 511 512 801 802 401 402;
  1469:= 903 701 702 703 704 705 706 707 301 302 303 304 305 306 307 308;
  1471:= 903 701 702 703 704 705 706 707 301 302 303 304 305 306 307 308;
  1473:= 903 201 202 203 204 205 206 207 208 209 210 211 212 213 214 215;
  1475:= 1001 1002 1003 701 702 703 704 705 706 707 601 602 603 604 605 606;
  1477:= 201 202 203 204 205 206 207 208 209 210 211 212 213 214 215 216;
  1479:= 601 602 603 604 605 606 607 608 609 610 611 612 401 402 403 404;
  1481:= 609 610 611 612 201 202 203 204 205 206 207 208 209 210 211 212;
  1483:= 609 610 611 612 901 902 903 501 502 503 504 505 506 507 508 509;
  1484:= 301 302 303 304 305 306 307 308 601 602 603 604 605 606 607 608;
  1486:= 109 110 111 112 113 114 115 116 501 502 503 504 505 506 507 508;
  1489:= 901 902 903 201 202 203 204 205 206 207 208 209 210 211 212 213;
  1493:= 209 210 211 212 213 214 215 216 301 302 303 304 305 306 307 308;
  1495:= 213 214 215 216 401 402 403 404 405 406 407 408 201 202 203 204;
  1499:= 401 402 403 404 405 406 407 408 201 202 203 204 205 206 207 208;
  1501:= 301 302 303 304 305 306 307 308 701 702 703 704 705 706 707 301;
  1505:= 601 602 603 604 605 606 607 608 609 610 611 612 701 702 703 704;
  1509:= 601 602 603 604 605 606 607 608 609 610 611 612 201 202 203 204;
  1507:= 601 602 603 604 605 606 607 608 609 610 611 612 201 202 203 204;


