Fosforo total:= 1796.8746
Restriccion Productividad:= 5
Restriccion CantUsos:= 0
Pixeles := Planificacion
  1539:= 209 210 211 212 213 214 215 216 701 702 703 704 705 706 707 501;
  1540:= 209 210 211 212 213 214 215 216 301 302 303 304 305 306 307 308;
  1542:= 401 402 403 404 405 406 407 408 501 502 503 504 505 506 507 508;
  1544:= 401 402 403 404 405 406 407 408 201 202 203 204 205 206 207 208;
  1546:= 213 214 215 216 701 702 703 704 705 706 707 201 202 203 204 205;
  1548:= 903 501 502 503 504 505 506 507 508 509 510 511 512 901 902 903;
  1550:= 1301 1302 1303 1304 301 302 303 304 305 306 307 308 1101 1102 1103 901;
  1552:= 1401 801 802 201 202 203 204 205 206 207 208 209 210 211 212 213;
  1554:= 903 201 202 203 204 205 206 207 208 209 210 211 212 213 214 215;
  1556:= 201 202 203 204 205 206 207 208 209 210 211 212 213 214 215 216;
  1557:= 903 201 202 203 204 205 206 207 208 209 210 211 212 213 214 215;
  1559:= 201 202 203 204 205 206 207 208 209 210 211 212 213 214 215 216;
  1561:= 1101 1102 1103 1401 1201 1202 401 402 403 404 405 406 407 408 1401 301;
  1562:= 903 901 902 903 1201 1202 1401 201 202 203 204 205 206 207 208 209;
  1566:= 701 702 703 704 705 706 707 601 602 603 604 605 606 607 608 609;
  1568:= 201 202 203 204 205 206 207 208 209 210 211 212 213 214 215 216;
  1570:= 1401 701 702 703 704 705 706 707 201 202 203 204 205 206 207 208;
  1571:= 903 201 202 203 204 205 206 207 208 209 210 211 212 213 214 215;
  1575:= 903 1201 1202 201 202 203 204 205 206 207 208 209 210 211 212 213;
  1576:= 113 114 115 116 401 402 403 404 405 406 407 408 601 602 603 604;


