Fosforo total:= 1187.5164
Restriccion Productividad:= 5
Restriccion CantUsos:= 0
Pixeles := Planificacion
  556:= 213 214 215 216 1401 1101 1102 1103 1201 1202 701 702 703 704 705 706;
  558:= 301 302 303 304 305 306 307 308 201 202 203 204 205 206 207 208;
  559:= 701 702 703 704 705 706 707 201 202 203 204 205 206 207 208 209;
  561:= 701 702 703 704 705 706 707 601 602 603 604 605 606 607 608 609;
  563:= 605 606 607 608 609 610 611 612 301 302 303 304 305 306 307 308;
  565:= 209 210 211 212 213 214 215 216 701 702 703 704 705 706 707 201;
  566:= 903 701 702 703 704 705 706 707 201 202 203 204 205 206 207 208;
  568:= 213 214 215 216 401 402 403 404 405 406 407 408 301 302 303 304;
  572:= 201 202 203 204 205 206 207 208 209 210 211 212 213 214 215 216;
  573:= 205 206 207 208 209 210 211 212 213 214 215 216 801 802 601 602;
  574:= 903 701 702 703 704 705 706 707 401 402 403 404 405 406 407 408;
  576:= 301 302 303 304 305 306 307 308 1101 1102 1103 1401 601 602 603 604;
  579:= 903 801 802 1401 601 602 603 604 605 606 607 608 609 610 611 612;
  580:= 601 602 603 604 605 606 607 608 609 610 611 612 201 202 203 204;
  581:= 901 902 903 701 702 703 704 705 706 707 1101 1102 1103 901 902 903;
  583:= 201 202 203 204 205 206 207 208 209 210 211 212 213 214 215 216;
  584:= 401 402 403 404 405 406 407 408 301 302 303 304 305 306 307 308;
  585:= 205 206 207 208 209 210 211 212 213 214 215 216 301 302 303 304;
  587:= 903 201 202 203 204 205 206 207 208 209 210 211 212 213 214 215;
  588:= 205 206 207 208 209 210 211 212 213 214 215 216 501 502 503 504;
  600:= 205 206 207 208 209 210 211 212 213 214 215 216 701 702 703 704;


