Fosforo total:= 994.5693
Restriccion Productividad:= 5
Restriccion CantUsos:= 0
Pixeles := Planificacion
  160:= 305 306 307 308 401 402 403 404 405 406 407 408 601 602 603 604;
  162:= 601 602 603 604 605 606 607 608 609 610 611 612 1001 1002 1003 1401;
  164:= 213 214 215 216 701 702 703 704 705 706 707 401 402 403 404 405;
  165:= 701 702 703 704 705 706 707 401 402 403 404 405 406 407 408 201;
  168:= 1401 301 302 303 304 305 306 307 308 1001 1002 1003 901 902 903 901;
  171:= 305 306 307 308 601 602 603 604 605 606 607 608 609 610 611 612;
  173:= 305 306 307 308 601 602 603 604 605 606 607 608 609 610 611 612;
  176:= 201 202 203 204 205 206 207 208 209 210 211 212 213 214 215 216;
  178:= 201 202 203 204 205 206 207 208 209 210 211 212 213 214 215 216;
  179:= 209 210 211 212 213 214 215 216 601 602 603 604 605 606 607 608;
  180:= 209 210 211 212 213 214 215 216 301 302 303 304 305 306 307 308;
  181:= 903 801 802 201 202 203 204 205 206 207 208 209 210 211 212 213;
  182:= 205 206 207 208 209 210 211 212 213 214 215 216 801 802 1401 201;
  183:= 205 206 207 208 209 210 211 212 213 214 215 216 801 802 1001 1002;
  185:= 605 606 607 608 609 610 611 612 301 302 303 304 305 306 307 308;
  186:= 105 106 107 108 109 110 111 112 113 114 115 116 501 502 503 504;
  187:= 701 702 703 704 705 706 707 601 602 603 604 605 606 607 608 609;
  189:= 105 106 107 108 109 110 111 112 113 114 115 116 301 302 303 304;
  190:= 113 114 115 116 701 702 703 704 705 706 707 201 202 203 204 205;
  192:= 113 114 115 116 301 302 303 304 305 306 307 308 401 402 403 404;
  197:= 109 110 111 112 113 114 115 116 601 602 603 604 605 606 607 608;
  198:= 701 702 703 704 705 706 707 201 202 203 204 205 206 207 208 209;


