Fosforo total:= 1638.2037
Restriccion Productividad:= 6
Restriccion CantUsos:= 0
Pixeles := Planificacion
  1120:= 213 214 215 216 301 302 303 304 305 306 307 308 601 602 603 604;
  1121:= 209 210 211 212 213 214 215 216 701 702 703 704 705 706 707 801;
  1123:= 213 214 215 216 601 602 603 604 605 606 607 608 609 610 611 612;
  1124:= 301 302 303 304 305 306 307 308 801 802 501 502 503 504 505 506;
  1127:= 301 302 303 304 305 306 307 308 801 802 501 502 503 504 505 506;
  1128:= 201 202 203 204 205 206 207 208 209 210 211 212 213 214 215 216;
  1133:= 109 110 111 112 113 114 115 116 1001 1002 1003 701 702 703 704 705;
  1135:= 609 610 611 612 201 202 203 204 205 206 207 208 209 210 211 212;
  1137:= 609 610 611 612 701 702 703 704 705 706 707 401 402 403 404 405;
  1139:= 601 602 603 604 605 606 607 608 609 610 611 612 801 802 301 302;
  1141:= 801 802 301 302 303 304 305 306 307 308 1401 301 302 303 304 305;
  1143:= 605 606 607 608 609 610 611 612 1401 401 402 403 404 405 406 407;
  1151:= 601 602 603 604 605 606 607 608 609 610 611 612 1101 1102 1103 1201;
  1152:= 209 210 211 212 213 214 215 216 301 302 303 304 305 306 307 308;
  1154:= 301 302 303 304 305 306 307 308 901 902 903 201 202 203 204 205;
  1157:= 903 201 202 203 204 205 206 207 208 209 210 211 212 213 214 215;
  1159:= 601 602 603 604 605 606 607 608 609 610 611 612 701 702 703 704;
  1161:= 903 201 202 203 204 205 206 207 208 209 210 211 212 213 214 215;
  1165:= 903 901 902 903 201 202 203 204 205 206 207 208 209 210 211 212;
  1166:= 301 302 303 304 305 306 307 308 401 402 403 404 405 406 407 408;
  1168:= 205 206 207 208 209 210 211 212 213 214 215 216 601 602 603 604;


