Fosforo total:= 1599.9181
Restriccion Productividad:= 6
Restriccion CantUsos:= 0
Pixeles := Planificacion
  1026:= 903 1401 501 502 503 504 505 506 507 508 509 510 511 512 201 202;
  1028:= 201 202 203 204 205 206 207 208 209 210 211 212 213 214 215 216;
  1030:= 903 201 202 203 204 205 206 207 208 209 210 211 212 213 214 215;
  1033:= 405 406 407 408 501 502 503 504 505 506 507 508 509 510 511 512;
  1036:= 903 201 202 203 204 205 206 207 208 209 210 211 212 213 214 215;
  1038:= 201 202 203 204 205 206 207 208 209 210 211 212 213 214 215 216;
  1039:= 903 201 202 203 204 205 206 207 208 209 210 211 212 213 214 215;
  1040:= 201 202 203 204 205 206 207 208 209 210 211 212 213 214 215 216;
  1042:= 401 402 403 404 405 406 407 408 701 702 703 704 705 706 707 301;
  1044:= 201 202 203 204 205 206 207 208 209 210 211 212 213 214 215 216;
  1046:= 601 602 603 604 605 606 607 608 609 610 611 612 1401 1001 1002 1003;
  1050:= 209 210 211 212 213 214 215 216 501 502 503 504 505 506 507 508;
  1051:= 903 1401 301 302 303 304 305 306 307 308 801 802 501 502 503 504;
  1052:= 903 1201 1202 201 202 203 204 205 206 207 208 209 210 211 212 213;
  1053:= 903 1201 1202 201 202 203 204 205 206 207 208 209 210 211 212 213;
  1056:= 209 210 211 212 213 214 215 216 401 402 403 404 405 406 407 408;
  1061:= 903 801 802 1401 201 202 203 204 205 206 207 208 209 210 211 212;
  1063:= 903 201 202 203 204 205 206 207 208 209 210 211 212 213 214 215;
  1067:= 201 202 203 204 205 206 207 208 209 210 211 212 213 214 215 216;
  1072:= 1401 201 202 203 204 205 206 207 208 209 210 211 212 213 214 215;
  1076:= 903 701 702 703 704 705 706 707 601 602 603 604 605 606 607 608;
  1082:= 213 214 215 216 801 802 301 302 303 304 305 306 307 308 501 502;
  1083:= 903 701 702 703 704 705 706 707 201 202 203 204 205 206 207 208;
  1085:= 903 901 902 903 901 902 903 201 202 203 204 205 206 207 208 209;


