Fosforo total:= 1090.3434
Restriccion Productividad:= 5
Restriccion CantUsos:= 1
Pixeles := Planificacion
  300:= 301 302 303 304 305 306 307 308 701 702 703 704 705 706 707 301;
  301:= 903 901 902 903 1401 301 302 303 304 305 306 307 308 1101 1102 1103;
  305:= 801 802 701 702 703 704 705 706 707 601 602 603 604 605 606 607;
  307:= 903 901 902 903 701 702 703 704 705 706 707 201 202 203 204 205;
  309:= 701 702 703 704 705 706 707 201 202 203 204 205 206 207 208 209;
  311:= 903 1201 1202 601 602 603 604 605 606 607 608 609 610 611 612 301;
  313:= 209 210 211 212 213 214 215 216 801 802 401 402 403 404 405 406;
  314:= 903 901 902 903 901 902 903 701 702 703 704 705 706 707 401 402;
  315:= 213 214 215 216 701 702 703 704 705 706 707 301 302 303 304 305;
  317:= 205 206 207 208 209 210 211 212 213 214 215 216 701 702 703 704;
  319:= 201 202 203 204 205 206 207 208 209 210 211 212 213 214 215 216;
  320:= 109 110 111 112 113 114 115 116 801 802 1401 801 802 301 302 303;
  322:= 701 702 703 704 705 706 707 201 202 203 204 205 206 207 208 209;
  330:= 201 202 203 204 205 206 207 208 209 210 211 212 213 214 215 216;
  334:= 301 302 303 304 305 306 307 308 201 202 203 204 205 206 207 208;
  336:= 903 201 202 203 204 205 206 207 208 209 210 211 212 213 214 215;
  337:= 213 214 215 216 1101 1102 1103 1201 1202 701 702 703 704 705 706 707;


